benchmark/build/intermediates/manifest_merge_blame_file/debug/manifest-merger-blame-debug-report.txt
1<?xml version="1.0" encoding="utf-8"?>
2<manifest xmlns:android="http://schemas.android.com/apk/res/android"
3    xmlns:tools="http://schemas.android.com/tools"
4    package="com.uma.benchmark"
5    android:versionCode="1"
6    android:versionName="1.0" >
7
8    <uses-sdk
9        android:minSdkVersion="18"
9-->src/main/AndroidManifest.xml
10        android:targetSdkVersion="28" />
10-->src/main/AndroidManifest.xml
11
12    <application
12-->src/main/AndroidManifest.xml:6:5-9:45
13        android:debuggable="false"
13-->src/main/AndroidManifest.xml:7:9-35
14        tools:ignore="HardcodedDebugMode"
14-->src/main/AndroidManifest.xml:9:9-42
15        tools:replace="android:debuggable" />
15-->src/main/AndroidManifest.xml:8:9-43
16
17</manifest>